{"uid":"1108839515b17108","name":"verifyAccountOverviewTest","fullName":"com.example.tests.AccountOverviewTest.verifyAccountOverviewTest","historyId":"b38ec7cd54c8a0eb92204512f75ea2b9","time":{"start":1748469845530,"stop":1748469847739,"duration":2209},"status":"broken","statusMessage":"Error {\n  message='Error: strict mode violation: locator(\"text='Accounts Overview'\") resolved to 2 elements:\n    1) <a href=\"overview.htm\">Accounts Overview</a> aka getByRole(AriaRole.LINK, new Page.GetByRoleOptions().setName(\"Accounts Overview\"))\n    2) <h1 class=\"title\">↵⇆⇆⇆Accounts Overview↵⇆⇆</h1> aka getByRole(AriaRole.HEADING, new Page.GetByRoleOptions().setName(\"Accounts Overview\"))\n\n  name='Error\n  stack='Error: Error: strict mode violation: locator(\"text='Accounts Overview'\") resolved to 2 elements:\n    1) <a href=\"overview.htm\">Accounts Overview</a> aka getByRole(AriaRole.LINK, new Page.GetByRoleOptions().setName(\"Accounts Overview\"))\n    2) <h1 class=\"title\">↵⇆⇆⇆Accounts Overview↵⇆⇆</h1> aka getByRole(AriaRole.HEADING, new Page.GetByRoleOptions().setName(\"Accounts Overview\"))\n\n    at CRExecutionContext.evaluateWithArguments (C:\\Users\\andri\\AppData\\Local\\Temp\\playwright-java-17105462553573576490\\package\\lib\\server\\chromium\\crExecutionContext.js:92:33)\n    at async LongStandingScope._race (C:\\Users\\andri\\AppData\\Local\\Temp\\playwright-java-17105462553573576490\\package\\lib\\utils\\manualPromise.js:96:14)\n    at async evaluateExpression (C:\\Users\\andri\\AppData\\Local\\Temp\\playwright-java-17105462553573576490\\package\\lib\\server\\javascript.js:235:12)\n    at async Frame.isVisibleInternal (C:\\Users\\andri\\AppData\\Local\\Temp\\playwright-java-17105462553573576490\\package\\lib\\server\\frames.js:1142:14)\n    at async C:\\Users\\andri\\AppData\\Local\\Temp\\playwright-java-17105462553573576490\\package\\lib\\server\\frames.js:1135:14\n    at async ProgressController.run (C:\\Users\\andri\\AppData\\Local\\Temp\\playwright-java-17105462553573576490\\package\\lib\\server\\progress.js:82:22)\n    at async FrameDispatcher.isVisible (C:\\Users\\andri\\AppData\\Local\\Temp\\playwright-java-17105462553573576490\\package\\lib\\server\\dispatchers\\frameDispatcher.js:232:14)\n    at async LongStandingScope._race (C:\\Users\\andri\\AppData\\Local\\Temp\\playwright-java-17105462553573576490\\package\\lib\\utils\\manualPromise.js:96:14)\n    at async FrameDispatcher._handleCommand (C:\\Users\\andri\\AppData\\Local\\Temp\\playwright-java-17105462553573576490\\package\\lib\\server\\dispatchers\\dispatcher.js:96:14)\n    at async DispatcherConnection.dispatch (C:\\Users\\andri\\AppData\\Local\\Temp\\playwright-java-17105462553573576490\\package\\lib\\server\\dispatchers\\dispatcher.js:361:22)\n}\nCall log:\n-   checking visibility of locator(\"text='Accounts Overview'\")\n","statusTrace":"com.microsoft.playwright.PlaywrightException: Error {\n  message='Error: strict mode violation: locator(\"text='Accounts Overview'\") resolved to 2 elements:\n    1) <a href=\"overview.htm\">Accounts Overview</a> aka getByRole(AriaRole.LINK, new Page.GetByRoleOptions().setName(\"Accounts Overview\"))\n    2) <h1 class=\"title\">↵⇆⇆⇆Accounts Overview↵⇆⇆</h1> aka getByRole(AriaRole.HEADING, new Page.GetByRoleOptions().setName(\"Accounts Overview\"))\n\n  name='Error\n  stack='Error: Error: strict mode violation: locator(\"text='Accounts Overview'\") resolved to 2 elements:\n    1) <a href=\"overview.htm\">Accounts Overview</a> aka getByRole(AriaRole.LINK, new Page.GetByRoleOptions().setName(\"Accounts Overview\"))\n    2) <h1 class=\"title\">↵⇆⇆⇆Accounts Overview↵⇆⇆</h1> aka getByRole(AriaRole.HEADING, new Page.GetByRoleOptions().setName(\"Accounts Overview\"))\n\n    at CRExecutionContext.evaluateWithArguments (C:\\Users\\andri\\AppData\\Local\\Temp\\playwright-java-17105462553573576490\\package\\lib\\server\\chromium\\crExecutionContext.js:92:33)\n    at async LongStandingScope._race (C:\\Users\\andri\\AppData\\Local\\Temp\\playwright-java-17105462553573576490\\package\\lib\\utils\\manualPromise.js:96:14)\n    at async evaluateExpression (C:\\Users\\andri\\AppData\\Local\\Temp\\playwright-java-17105462553573576490\\package\\lib\\server\\javascript.js:235:12)\n    at async Frame.isVisibleInternal (C:\\Users\\andri\\AppData\\Local\\Temp\\playwright-java-17105462553573576490\\package\\lib\\server\\frames.js:1142:14)\n    at async C:\\Users\\andri\\AppData\\Local\\Temp\\playwright-java-17105462553573576490\\package\\lib\\server\\frames.js:1135:14\n    at async ProgressController.run (C:\\Users\\andri\\AppData\\Local\\Temp\\playwright-java-17105462553573576490\\package\\lib\\server\\progress.js:82:22)\n    at async FrameDispatcher.isVisible (C:\\Users\\andri\\AppData\\Local\\Temp\\playwright-java-17105462553573576490\\package\\lib\\server\\dispatchers\\frameDispatcher.js:232:14)\n    at async LongStandingScope._race (C:\\Users\\andri\\AppData\\Local\\Temp\\playwright-java-17105462553573576490\\package\\lib\\utils\\manualPromise.js:96:14)\n    at async FrameDispatcher._handleCommand (C:\\Users\\andri\\AppData\\Local\\Temp\\playwright-java-17105462553573576490\\package\\lib\\server\\dispatchers\\dispatcher.js:96:14)\n    at async DispatcherConnection.dispatch (C:\\Users\\andri\\AppData\\Local\\Temp\\playwright-java-17105462553573576490\\package\\lib\\server\\dispatchers\\dispatcher.js:361:22)\n}\nCall log:\n-   checking visibility of locator(\"text='Accounts Overview'\")\n\r\n\tat com.microsoft.playwright.impl.WaitableResult.get(WaitableResult.java:56)\r\n\tat com.microsoft.playwright.impl.ChannelOwner.runUntil(ChannelOwner.java:132)\r\n\tat com.microsoft.playwright.impl.Connection.sendMessage(Connection.java:130)\r\n\tat com.microsoft.playwright.impl.ChannelOwner.sendMessage(ChannelOwner.java:118)\r\n\tat com.microsoft.playwright.impl.FrameImpl.isVisibleImpl(FrameImpl.java:641)\r\n\tat com.microsoft.playwright.impl.FrameImpl.lambda$isVisible$29(FrameImpl.java:627)\r\n\tat com.microsoft.playwright.impl.LoggingSupport.withLogging(LoggingSupport.java:47)\r\n\tat com.microsoft.playwright.impl.ChannelOwner.withLogging(ChannelOwner.java:97)\r\n\tat com.microsoft.playwright.impl.FrameImpl.isVisible(FrameImpl.java:627)\r\n\tat com.microsoft.playwright.impl.LocatorImpl.isVisible(LocatorImpl.java:416)\r\n\tat com.microsoft.playwright.Locator.isVisible(Locator.java:4003)\r\n\tat com.example.pages.AccountOverviewPage.isAccountOverviewPageDisplayed(AccountOverviewPage.java:19)\r\n\tat com.example.tests.AccountOverviewTest.verifyAccountOverviewTest(AccountOverviewTest.java:15)\r\n\tat java.base/jdk.internal.reflect.DirectMethodHandleAccessor.invoke(DirectMethodHandleAccessor.java:103)\r\n\tat java.base/java.lang.reflect.Method.invoke(Method.java:580)\r\n\tat org.testng.internal.invokers.MethodInvocationHelper.invokeMethod(MethodInvocationHelper.java:141)\r\n\tat org.testng.internal.invokers.TestInvoker.invokeMethod(TestInvoker.java:686)\r\n\tat org.testng.internal.invokers.TestInvoker.invokeTestMethod(TestInvoker.java:230)\r\n\tat org.testng.internal.invokers.MethodRunner.runInSequence(MethodRunner.java:63)\r\n\tat org.testng.internal.invokers.TestInvoker$MethodInvocationAgent.invoke(TestInvoker.java:992)\r\n\tat org.testng.internal.invokers.TestInvoker.invokeTestMethods(TestInvoker.java:203)\r\n\tat org.testng.internal.invokers.TestMethodWorker.invokeTestMethods(TestMethodWorker.java:154)\r\n\tat org.testng.internal.invokers.TestMethodWorker.run(TestMethodWorker.java:134)\r\n\tat java.base/java.util.ArrayList.forEach(ArrayList.java:1597)\r\n\tat org.testng.TestRunner.privateRun(TestRunner.java:739)\r\n\tat org.testng.TestRunner.run(TestRunner.java:614)\r\n\tat org.testng.SuiteRunner.runTest(SuiteRunner.java:421)\r\n\tat org.testng.SuiteRunner.runSequentially(SuiteRunner.java:413)\r\n\tat org.testng.SuiteRunner.privateRun(SuiteRunner.java:373)\r\n\tat org.testng.SuiteRunner.run(SuiteRunner.java:312)\r\n\tat org.testng.SuiteRunnerWorker.runSuite(SuiteRunnerWorker.java:52)\r\n\tat org.testng.SuiteRunnerWorker.run(SuiteRunnerWorker.java:95)\r\n\tat org.testng.TestNG.runSuitesSequentially(TestNG.java:1274)\r\n\tat org.testng.TestNG.runSuitesLocally(TestNG.java:1208)\r\n\tat org.testng.TestNG.runSuites(TestNG.java:1112)\r\n\tat org.testng.TestNG.run(TestNG.java:1079)\r\n\tat com.intellij.rt.testng.IDEARemoteTestNG.run(IDEARemoteTestNG.java:65)\r\n\tat com.intellij.rt.testng.RemoteTestNGStarter.main(RemoteTestNGStarter.java:105)\r\nCaused by: com.microsoft.playwright.impl.DriverException: Error {\n  message='Error: strict mode violation: locator(\"text='Accounts Overview'\") resolved to 2 elements:\n    1) <a href=\"overview.htm\">Accounts Overview</a> aka getByRole(AriaRole.LINK, new Page.GetByRoleOptions().setName(\"Accounts Overview\"))\n    2) <h1 class=\"title\">↵⇆⇆⇆Accounts Overview↵⇆⇆</h1> aka getByRole(AriaRole.HEADING, new Page.GetByRoleOptions().setName(\"Accounts Overview\"))\n\n  name='Error\n  stack='Error: Error: strict mode violation: locator(\"text='Accounts Overview'\") resolved to 2 elements:\n    1) <a href=\"overview.htm\">Accounts Overview</a> aka getByRole(AriaRole.LINK, new Page.GetByRoleOptions().setName(\"Accounts Overview\"))\n    2) <h1 class=\"title\">↵⇆⇆⇆Accounts Overview↵⇆⇆</h1> aka getByRole(AriaRole.HEADING, new Page.GetByRoleOptions().setName(\"Accounts Overview\"))\n\n    at CRExecutionContext.evaluateWithArguments (C:\\Users\\andri\\AppData\\Local\\Temp\\playwright-java-17105462553573576490\\package\\lib\\server\\chromium\\crExecutionContext.js:92:33)\n    at async LongStandingScope._race (C:\\Users\\andri\\AppData\\Local\\Temp\\playwright-java-17105462553573576490\\package\\lib\\utils\\manualPromise.js:96:14)\n    at async evaluateExpression (C:\\Users\\andri\\AppData\\Local\\Temp\\playwright-java-17105462553573576490\\package\\lib\\server\\javascript.js:235:12)\n    at async Frame.isVisibleInternal (C:\\Users\\andri\\AppData\\Local\\Temp\\playwright-java-17105462553573576490\\package\\lib\\server\\frames.js:1142:14)\n    at async C:\\Users\\andri\\AppData\\Local\\Temp\\playwright-java-17105462553573576490\\package\\lib\\server\\frames.js:1135:14\n    at async ProgressController.run (C:\\Users\\andri\\AppData\\Local\\Temp\\playwright-java-17105462553573576490\\package\\lib\\server\\progress.js:82:22)\n    at async FrameDispatcher.isVisible (C:\\Users\\andri\\AppData\\Local\\Temp\\playwright-java-17105462553573576490\\package\\lib\\server\\dispatchers\\frameDispatcher.js:232:14)\n    at async LongStandingScope._race (C:\\Users\\andri\\AppData\\Local\\Temp\\playwright-java-17105462553573576490\\package\\lib\\utils\\manualPromise.js:96:14)\n    at async FrameDispatcher._handleCommand (C:\\Users\\andri\\AppData\\Local\\Temp\\playwright-java-17105462553573576490\\package\\lib\\server\\dispatchers\\dispatcher.js:96:14)\n    at async DispatcherConnection.dispatch (C:\\Users\\andri\\AppData\\Local\\Temp\\playwright-java-17105462553573576490\\package\\lib\\server\\dispatchers\\dispatcher.js:361:22)\n}\nCall log:\n-   checking visibility of locator(\"text='Accounts Overview'\")\n\r\n\tat com.microsoft.playwright.impl.Connection.dispatch(Connection.java:259)\r\n\tat com.microsoft.playwright.impl.Connection.processOneMessage(Connection.java:211)\r\n\tat com.microsoft.playwright.impl.ChannelOwner.runUntil(ChannelOwner.java:130)\r\n\t... 36 more\r\n","flaky":false,"newFailed":false,"newBroken":false,"newPassed":false,"retriesCount":0,"retriesStatusChange":false,"beforeStages":[{"name":"setUp","time":{"start":1748469834435,"stop":1748469845262,"duration":10827},"description":"","status":"passed","steps":[],"attachments":[],"parameters":[],"hasContent":false,"attachmentStep":false,"stepsCount":0,"attachmentsCount":0,"shouldDisplayMessage":false}],"afterStages":[{"name":"tearDown","time":{"start":1748469847777,"stop":1748469848882,"duration":1105},"description":"","status":"passed","steps":[],"attachments":[],"parameters":[],"hasContent":false,"attachmentStep":false,"stepsCount":0,"attachmentsCount":0,"shouldDisplayMessage":false}],"labels":[{"name":"package","value":"com.example.tests.AccountOverviewTest"},{"name":"testClass","value":"com.example.tests.AccountOverviewTest"},{"name":"testMethod","value":"verifyAccountOverviewTest"},{"name":"parentSuite","value":"Default Suite"},{"name":"suite","value":"UltimateQAProject"},{"name":"subSuite","value":"com.example.tests.AccountOverviewTest"},{"name":"host","value":"Laptop"},{"name":"thread","value":"13104@Laptop.main(1)"},{"name":"framework","value":"testng"},{"name":"language","value":"java"},{"name":"resultFormat","value":"allure2"}],"parameters":[{"name":"arg0","value":"user1"},{"name":"arg1","value":"john"},{"name":"arg2","value":"demo"}],"links":[],"hidden":true,"retry":true,"extra":{"categories":[],"tags":[]},"source":"1108839515b17108.json","parameterValues":["user1","john","demo"]}